<?xml version="1.0" encoding="UTF-8"?>
<Site BuildName="Darwin-c++"
	BuildStamp="20210224-0812-Experimental"
	Name="Maxs-MacBook-Pro.local"
	Generator="ctest-3.19.5"
	CompilerName="/Library/Developer/CommandLineTools/usr/bin/c++"
	CompilerVersion="12.0.0.12000032"
	OSName="macOS"
	Hostname="Maxs-MacBook-Pro.local"
	OSRelease="11.2.1"
	OSVersion="20D74"
	OSPlatform="x86_64"
	Is64Bits="1"
	VendorString="GenuineIntel"
	VendorID="Intel Corporation"
	FamilyID="6"
	ModelID="158"
	ProcessorCacheSize="32768"
	NumberOfLogicalCPU="16"
	NumberOfPhysicalCPU="8"
	TotalVirtualMemory="2048"
	TotalPhysicalMemory="16384"
	LogicalProcessorsPerPhysical="8"
	ProcessorClockFrequency="2300"
	>
	<Testing>
		<StartDateTime>Feb 24 10:49 EET</StartDateTime>
		<StartTestTime>1614156540</StartTestTime>
		<TestList/>
		<EndDateTime>Feb 24 10:49 EET</EndDateTime>
		<EndTestTime>1614156540</EndTestTime>
		<ElapsedMinutes>0</ElapsedMinutes>
	</Testing>
</Site>
